<?xml version="1.0" encoding="UTF-8"?>
<!-- Generated by org.testng.reporters.JUnitReportReporter -->
<testsuite hostname="Micky" failures="0" tests="36" name="Test_Cases.Test_WO2Rgu_15m_audio" time="851.829" errors="3" timestamp="2023-11-27T13:58:20 IST" skipped="0">
  <testcase classname="Test_Cases.Test_WO2Rgu_15m_audio" name="get_started" time="2.332"/>
  <system-out/>
  <testcase classname="Test_Cases.Test_WO2Rgu_15m_audio" name="login_guest" time="0.614"/>
  <system-out/>
  <testcase classname="Test_Cases.Test_WO2Rgu_15m_audio" name="gotit_click" time="4.587"/>
  <system-out/>
  <testcase classname="Test_Cases.Test_WO2Rgu_15m_audio" name="join_waitingroom" time="4.157">
    <error message="element click intercepted: Element &lt;button data-test-id=&quot;join-btn&quot; type=&quot;button&quot; class=&quot;ant-btn css-o19j5k ant-btn-primary ant-btn-block md:max-w-max font-semibold  &quot;&gt;...&lt;/button&gt; is not clickable at point (1359, 258). Other element would receive the click: &lt;div tabindex=&quot;-1&quot; class=&quot;ant-modal-wrap ant-modal-centered&quot;&gt;...&lt;/div&gt;
  (Session info: chrome=119.0.6045.160)
Build info: version: &#039;4.11.0&#039;, revision: &#039;040bc5406b&#039;
System info: os.name: &#039;Windows 11&#039;, os.arch: &#039;amd64&#039;, os.version: &#039;10.0&#039;, java.version: &#039;21.0.1&#039;
Driver info: org.openqa.selenium.chrome.ChromeDriver
Command: [d57d703612ac410f1f51cdda1ad5f158, clickElement {id=91DC259A7DB919233A961A2EA14B74C1_element_50}]
Capabilities {acceptInsecureCerts: false, browserName: chrome, browserVersion: 119.0.6045.160, chrome: {chromedriverVersion: 119.0.6045.105 (38c72552c5e..., userDataDir: C:\Users\prasa\AppData\Loca...}, fedcm:accounts: true, goog:chromeOptions: {debuggerAddress: localhost:61106}, networkConnectionEnabled: false, pageLoadStrategy: normal, platformName: windows, proxy: Proxy(), se:cdp: ws://localhost:61106/devtoo..., se:cdpVersion: 119.0.6045.160, setWindowRect: true, strictFileInteractability: false, timeouts: {implicit: 0, pageLoad: 300000, script: 30000}, unhandledPromptBehavior: dismiss and notify, webauthn:extension:credBlob: true, webauthn:extension:largeBlob: true, webauthn:extension:minPinLength: true, webauthn:extension:prf: true, webauthn:virtualAuthenticators: true}
Element: [[ChromeDriver: chrome on windows (d57d703612ac410f1f51cdda1ad5f158)] -&gt; xpath: //button[@data-test-id=&quot;join-btn&quot;]]
Session ID: d57d703612ac410f1f51cdda1ad5f158" type="org.openqa.selenium.ElementClickInterceptedException">
      <![CDATA[org.openqa.selenium.ElementClickInterceptedException: element click intercepted: Element <button data-test-id="join-btn" type="button" class="ant-btn css-o19j5k ant-btn-primary ant-btn-block md:max-w-max font-semibold  ">...</button> is not clickable at point (1359, 258). Other element would receive the click: <div tabindex="-1" class="ant-modal-wrap ant-modal-centered">...</div>
  (Session info: chrome=119.0.6045.160)
Build info: version: '4.11.0', revision: '040bc5406b'
System info: os.name: 'Windows 11', os.arch: 'amd64', os.version: '10.0', java.version: '21.0.1'
Driver info: org.openqa.selenium.chrome.ChromeDriver
Command: [d57d703612ac410f1f51cdda1ad5f158, clickElement {id=91DC259A7DB919233A961A2EA14B74C1_element_50}]
Capabilities {acceptInsecureCerts: false, browserName: chrome, browserVersion: 119.0.6045.160, chrome: {chromedriverVersion: 119.0.6045.105 (38c72552c5e..., userDataDir: C:\Users\prasa\AppData\Loca...}, fedcm:accounts: true, goog:chromeOptions: {debuggerAddress: localhost:61106}, networkConnectionEnabled: false, pageLoadStrategy: normal, platformName: windows, proxy: Proxy(), se:cdp: ws://localhost:61106/devtoo..., se:cdpVersion: 119.0.6045.160, setWindowRect: true, strictFileInteractability: false, timeouts: {implicit: 0, pageLoad: 300000, script: 30000}, unhandledPromptBehavior: dismiss and notify, webauthn:extension:credBlob: true, webauthn:extension:largeBlob: true, webauthn:extension:minPinLength: true, webauthn:extension:prf: true, webauthn:virtualAuthenticators: true}
Element: [[ChromeDriver: chrome on windows (d57d703612ac410f1f51cdda1ad5f158)] -> xpath: //button[@data-test-id="join-btn"]]
Session ID: d57d703612ac410f1f51cdda1ad5f158
at java.base/jdk.internal.reflect.DirectConstructorHandleAccessor.newInstance(DirectConstructorHandleAccessor.java:62)
at java.base/java.lang.reflect.Constructor.newInstanceWithCaller(Constructor.java:502)
at java.base/java.lang.reflect.Constructor.newInstance(Constructor.java:486)
at org.openqa.selenium.remote.codec.w3c.W3CHttpResponseCodec.createException(W3CHttpResponseCodec.java:200)
at org.openqa.selenium.remote.codec.w3c.W3CHttpResponseCodec.decode(W3CHttpResponseCodec.java:133)
at org.openqa.selenium.remote.codec.w3c.W3CHttpResponseCodec.decode(W3CHttpResponseCodec.java:52)
at org.openqa.selenium.remote.HttpCommandExecutor.execute(HttpCommandExecutor.java:191)
at org.openqa.selenium.remote.service.DriverCommandExecutor.invokeExecute(DriverCommandExecutor.java:196)
at org.openqa.selenium.remote.service.DriverCommandExecutor.execute(DriverCommandExecutor.java:171)
at org.openqa.selenium.remote.RemoteWebDriver.execute(RemoteWebDriver.java:518)
at org.openqa.selenium.remote.RemoteWebElement.execute(RemoteWebElement.java:224)
at org.openqa.selenium.remote.RemoteWebElement.click(RemoteWebElement.java:77)
at java.base/jdk.internal.reflect.DirectMethodHandleAccessor.invoke(DirectMethodHandleAccessor.java:103)
at java.base/java.lang.reflect.Method.invoke(Method.java:580)
at org.openqa.selenium.support.pagefactory.internal.LocatingElementHandler.invoke(LocatingElementHandler.java:51)
at jdk.proxy2/jdk.proxy2.$Proxy16.click(Unknown Source)
at psi_POM.Add_idea_b15.join_disc_click(Add_idea_b15.java:62)
at Test_Cases.Test_WO2Rgu_15m_audio.join_waitingroom(Test_WO2Rgu_15m_audio.java:46)
at java.base/jdk.internal.reflect.DirectMethodHandleAccessor.invoke(DirectMethodHandleAccessor.java:103)
at java.base/java.lang.reflect.Method.invoke(Method.java:580)
at org.testng.internal.MethodInvocationHelper.invokeMethod(MethodInvocationHelper.java:133)
at org.testng.internal.TestInvoker.invokeMethod(TestInvoker.java:598)
at org.testng.internal.TestInvoker.invokeTestMethod(TestInvoker.java:173)
at org.testng.internal.MethodRunner.runInSequence(MethodRunner.java:46)
at org.testng.internal.TestInvoker$MethodInvocationAgent.invoke(TestInvoker.java:824)
at org.testng.internal.TestInvoker.invokeTestMethods(TestInvoker.java:146)
at org.testng.internal.TestMethodWorker.invokeTestMethods(TestMethodWorker.java:146)
at org.testng.internal.TestMethodWorker.run(TestMethodWorker.java:128)
at java.base/java.util.ArrayList.forEach(ArrayList.java:1596)
at org.testng.TestRunner.privateRun(TestRunner.java:794)
at org.testng.TestRunner.run(TestRunner.java:596)
at org.testng.SuiteRunner.runTest(SuiteRunner.java:377)
at org.testng.SuiteRunner.runSequentially(SuiteRunner.java:371)
at org.testng.SuiteRunner.privateRun(SuiteRunner.java:332)
at org.testng.SuiteRunner.run(SuiteRunner.java:276)
at org.testng.SuiteRunnerWorker.runSuite(SuiteRunnerWorker.java:53)
at org.testng.SuiteRunnerWorker.run(SuiteRunnerWorker.java:96)
at org.testng.TestNG.runSuitesSequentially(TestNG.java:1212)
at org.testng.TestNG.runSuitesLocally(TestNG.java:1134)
at org.testng.TestNG.runSuites(TestNG.java:1063)
at org.testng.TestNG.run(TestNG.java:1031)
at org.testng.remote.AbstractRemoteTestNG.run(AbstractRemoteTestNG.java:115)
at org.testng.remote.RemoteTestNG.initAndRun(RemoteTestNG.java:251)
at org.testng.remote.RemoteTestNG.main(RemoteTestNG.java:77)
]]>
    </error>
  </testcase> <!-- join_waitingroom -->
  <system-out/>
  <testcase classname="Test_Cases.Test_WO2Rgu_15m_audio" name="add_idea" time="34.277"/>
  <system-out/>
  <testcase classname="Test_Cases.Test_WO2Rgu_15m_audio" name="Waiting_room_header" time="5.395"/>
  <system-out/>
  <testcase classname="Test_Cases.Test_WO2Rgu_15m_audio" name="Waiting_Send_msg_header" time="2.181"/>
  <system-out/>
  <testcase classname="Test_Cases.Test_WO2Rgu_15m_audio" name="Listen_idea" time="221.411"/>
  <system-out/>
  <testcase classname="Test_Cases.Test_WO2Rgu_15m_audio" name="Close_review_modal" time="8.792"/>
  <system-out/>
  <testcase classname="Test_Cases.Test_WO2Rgu_15m_audio" name="join_disc_early" time="6.134"/>
  <system-out/>
  <testcase classname="Test_Cases.Test_WO2Rgu_15m_audio" name="Discuss" time="0.178"/>
  <system-out/>
  <testcase classname="Test_Cases.Test_WO2Rgu_15m_audio" name="View_idea_Disc" time="2.274"/>
  <system-out/>
  <testcase classname="Test_Cases.Test_WO2Rgu_15m_audio" name="Send_message_Discuss" time="7.388"/>
  <system-out/>
  <testcase classname="Test_Cases.Test_WO2Rgu_15m_audio" name="mute_Discuss" time="6.189"/>
  <system-out/>
  <testcase classname="Test_Cases.Test_WO2Rgu_15m_audio" name="Request_admin" time="3.130"/>
  <system-out/>
  <testcase classname="Test_Cases.Test_WO2Rgu_15m_audio" name="Flag_user" time="0.513"/>
  <system-out/>
  <testcase classname="Test_Cases.Test_WO2Rgu_15m_audio" name="Start_vote_click" time="144.277"/>
  <system-out/>
  <testcase classname="Test_Cases.Test_WO2Rgu_15m_audio" name="vote_plus_click" time="0.088"/>
  <system-out/>
  <testcase classname="Test_Cases.Test_WO2Rgu_15m_audio" name="vote_dec_click" time="0.145"/>
  <system-out/>
  <testcase classname="Test_Cases.Test_WO2Rgu_15m_audio" name="Submit_vote_click" time="0.068"/>
  <system-out/>
  <testcase classname="Test_Cases.Test_WO2Rgu_15m_audio" name="Vote_completed" time="0.037"/>
  <system-out/>
  <testcase classname="Test_Cases.Test_WO2Rgu_15m_audio" name="int_summary_header" time="87.704"/>
  <system-out/>
  <testcase classname="Test_Cases.Test_WO2Rgu_15m_audio" name="Listen_idea2" time="50.140"/>
  <system-out/>
  <testcase classname="Test_Cases.Test_WO2Rgu_15m_audio" name="Close_review_modal2" time="36.065">
    <error message="no such element: Unable to locate element: {&quot;method&quot;:&quot;xpath&quot;,&quot;selector&quot;:&quot;//button[@data-test-id=&quot;all-done-btn&quot;]&quot;}
  (Session info: chrome=119.0.6045.160)
For documentation on this error, please visit: https://www.selenium.dev/documentation/webdriver/troubleshooting/errors#no-such-element-exception
Build info: version: &#039;4.11.0&#039;, revision: &#039;040bc5406b&#039;
System info: os.name: &#039;Windows 11&#039;, os.arch: &#039;amd64&#039;, os.version: &#039;10.0&#039;, java.version: &#039;21.0.1&#039;
Driver info: org.openqa.selenium.chrome.ChromeDriver
Command: [d57d703612ac410f1f51cdda1ad5f158, findElement {using=xpath, value=//button[@data-test-id=&quot;all-done-btn&quot;]}]
Capabilities {acceptInsecureCerts: false, browserName: chrome, browserVersion: 119.0.6045.160, chrome: {chromedriverVersion: 119.0.6045.105 (38c72552c5e..., userDataDir: C:\Users\prasa\AppData\Loca...}, fedcm:accounts: true, goog:chromeOptions: {debuggerAddress: localhost:61106}, networkConnectionEnabled: false, pageLoadStrategy: normal, platformName: windows, proxy: Proxy(), se:cdp: ws://localhost:61106/devtoo..., se:cdpVersion: 119.0.6045.160, setWindowRect: true, strictFileInteractability: false, timeouts: {implicit: 0, pageLoad: 300000, script: 30000}, unhandledPromptBehavior: dismiss and notify, webauthn:extension:credBlob: true, webauthn:extension:largeBlob: true, webauthn:extension:minPinLength: true, webauthn:extension:prf: true, webauthn:virtualAuthenticators: true}
Session ID: d57d703612ac410f1f51cdda1ad5f158" type="org.openqa.selenium.NoSuchElementException">
      <![CDATA[org.openqa.selenium.NoSuchElementException: no such element: Unable to locate element: {"method":"xpath","selector":"//button[@data-test-id="all-done-btn"]"}
  (Session info: chrome=119.0.6045.160)
For documentation on this error, please visit: https://www.selenium.dev/documentation/webdriver/troubleshooting/errors#no-such-element-exception
Build info: version: '4.11.0', revision: '040bc5406b'
System info: os.name: 'Windows 11', os.arch: 'amd64', os.version: '10.0', java.version: '21.0.1'
Driver info: org.openqa.selenium.chrome.ChromeDriver
Command: [d57d703612ac410f1f51cdda1ad5f158, findElement {using=xpath, value=//button[@data-test-id="all-done-btn"]}]
Capabilities {acceptInsecureCerts: false, browserName: chrome, browserVersion: 119.0.6045.160, chrome: {chromedriverVersion: 119.0.6045.105 (38c72552c5e..., userDataDir: C:\Users\prasa\AppData\Loca...}, fedcm:accounts: true, goog:chromeOptions: {debuggerAddress: localhost:61106}, networkConnectionEnabled: false, pageLoadStrategy: normal, platformName: windows, proxy: Proxy(), se:cdp: ws://localhost:61106/devtoo..., se:cdpVersion: 119.0.6045.160, setWindowRect: true, strictFileInteractability: false, timeouts: {implicit: 0, pageLoad: 300000, script: 30000}, unhandledPromptBehavior: dismiss and notify, webauthn:extension:credBlob: true, webauthn:extension:largeBlob: true, webauthn:extension:minPinLength: true, webauthn:extension:prf: true, webauthn:virtualAuthenticators: true}
Session ID: d57d703612ac410f1f51cdda1ad5f158
at java.base/jdk.internal.reflect.DirectConstructorHandleAccessor.newInstance(DirectConstructorHandleAccessor.java:62)
at java.base/java.lang.reflect.Constructor.newInstanceWithCaller(Constructor.java:502)
at java.base/java.lang.reflect.Constructor.newInstance(Constructor.java:486)
at org.openqa.selenium.remote.codec.w3c.W3CHttpResponseCodec.createException(W3CHttpResponseCodec.java:200)
at org.openqa.selenium.remote.codec.w3c.W3CHttpResponseCodec.decode(W3CHttpResponseCodec.java:133)
at org.openqa.selenium.remote.codec.w3c.W3CHttpResponseCodec.decode(W3CHttpResponseCodec.java:52)
at org.openqa.selenium.remote.HttpCommandExecutor.execute(HttpCommandExecutor.java:191)
at org.openqa.selenium.remote.service.DriverCommandExecutor.invokeExecute(DriverCommandExecutor.java:196)
at org.openqa.selenium.remote.service.DriverCommandExecutor.execute(DriverCommandExecutor.java:171)
at org.openqa.selenium.remote.RemoteWebDriver.execute(RemoteWebDriver.java:518)
at org.openqa.selenium.remote.ElementLocation$ElementFinder$2.findElement(ElementLocation.java:165)
at org.openqa.selenium.remote.ElementLocation.findElement(ElementLocation.java:59)
at org.openqa.selenium.remote.RemoteWebDriver.findElement(RemoteWebDriver.java:355)
at org.openqa.selenium.remote.RemoteWebDriver.findElement(RemoteWebDriver.java:349)
at org.openqa.selenium.support.pagefactory.DefaultElementLocator.findElement(DefaultElementLocator.java:68)
at org.openqa.selenium.support.pagefactory.internal.LocatingElementHandler.invoke(LocatingElementHandler.java:38)
at jdk.proxy2/jdk.proxy2.$Proxy16.isDisplayed(Unknown Source)
at psi_POM.Review_IdeasPg.close_modal_click(Review_IdeasPg.java:101)
at Test_Cases.Test_WO2Rgu_15m_audio.Close_review_modal2(Test_WO2Rgu_15m_audio.java:211)
at java.base/jdk.internal.reflect.DirectMethodHandleAccessor.invoke(DirectMethodHandleAccessor.java:103)
at java.base/java.lang.reflect.Method.invoke(Method.java:580)
at org.testng.internal.MethodInvocationHelper.invokeMethod(MethodInvocationHelper.java:133)
at org.testng.internal.InvokeMethodRunnable.runOne(InvokeMethodRunnable.java:45)
at org.testng.internal.InvokeMethodRunnable.call(InvokeMethodRunnable.java:73)
at org.testng.internal.InvokeMethodRunnable.call(InvokeMethodRunnable.java:11)
at java.base/java.util.concurrent.FutureTask.run(FutureTask.java:317)
at java.base/java.util.concurrent.ThreadPoolExecutor.runWorker(ThreadPoolExecutor.java:1144)
at java.base/java.util.concurrent.ThreadPoolExecutor$Worker.run(ThreadPoolExecutor.java:642)
at java.base/java.lang.Thread.run(Thread.java:1583)
]]>
    </error>
  </testcase> <!-- Close_review_modal2 -->
  <system-out/>
  <testcase classname="Test_Cases.Test_WO2Rgu_15m_audio" name="join_disc_early2" time="6.157"/>
  <system-out/>
  <testcase classname="Test_Cases.Test_WO2Rgu_15m_audio" name="Discuss2" time="0.180"/>
  <system-out/>
  <testcase classname="Test_Cases.Test_WO2Rgu_15m_audio" name="View_idea_Disc2" time="2.300"/>
  <system-out/>
  <testcase classname="Test_Cases.Test_WO2Rgu_15m_audio" name="Send_message_Discuss2" time="1.112">
    <error message="element click intercepted: Element &lt;button data-test-id=&quot;opn-chat-btn&quot; type=&quot;button&quot; class=&quot;ant-btn css-o19j5k ant-btn-default ant-btn-lg w-10 rounded-xl relative p-0 bg-white bg-opacity-10 text-primary-6 bg-primary-1 hover:ring-primary-6 border-none transition-all hover:ring-1&quot;&gt;...&lt;/button&gt; is not clickable at point (817, 914). Other element would receive the click: &lt;button data-test-id=&quot;opn-ideas-btn&quot; type=&quot;button&quot; class=&quot;ant-btn css-o19j5k ant-btn-default ant-btn-lg w-10 rounded-xl p-0 bg-white bg-opacity-10 text-primary-6 bg-primary-1 hover:ring-primary-6 border-none transition-all hover:ring-1&quot;&gt;...&lt;/button&gt;
  (Session info: chrome=119.0.6045.160)
Build info: version: &#039;4.11.0&#039;, revision: &#039;040bc5406b&#039;
System info: os.name: &#039;Windows 11&#039;, os.arch: &#039;amd64&#039;, os.version: &#039;10.0&#039;, java.version: &#039;21.0.1&#039;
Driver info: org.openqa.selenium.chrome.ChromeDriver
Command: [d57d703612ac410f1f51cdda1ad5f158, clickElement {id=91DC259A7DB919233A961A2EA14B74C1_element_355}]
Capabilities {acceptInsecureCerts: false, browserName: chrome, browserVersion: 119.0.6045.160, chrome: {chromedriverVersion: 119.0.6045.105 (38c72552c5e..., userDataDir: C:\Users\prasa\AppData\Loca...}, fedcm:accounts: true, goog:chromeOptions: {debuggerAddress: localhost:61106}, networkConnectionEnabled: false, pageLoadStrategy: normal, platformName: windows, proxy: Proxy(), se:cdp: ws://localhost:61106/devtoo..., se:cdpVersion: 119.0.6045.160, setWindowRect: true, strictFileInteractability: false, timeouts: {implicit: 0, pageLoad: 300000, script: 30000}, unhandledPromptBehavior: dismiss and notify, webauthn:extension:credBlob: true, webauthn:extension:largeBlob: true, webauthn:extension:minPinLength: true, webauthn:extension:prf: true, webauthn:virtualAuthenticators: true}
Element: [[ChromeDriver: chrome on windows (d57d703612ac410f1f51cdda1ad5f158)] -&gt; xpath: //button[@data-test-id=&quot;opn-chat-btn&quot;]]
Session ID: d57d703612ac410f1f51cdda1ad5f158" type="org.openqa.selenium.ElementClickInterceptedException">
      <![CDATA[org.openqa.selenium.ElementClickInterceptedException: element click intercepted: Element <button data-test-id="opn-chat-btn" type="button" class="ant-btn css-o19j5k ant-btn-default ant-btn-lg w-10 rounded-xl relative p-0 bg-white bg-opacity-10 text-primary-6 bg-primary-1 hover:ring-primary-6 border-none transition-all hover:ring-1">...</button> is not clickable at point (817, 914). Other element would receive the click: <button data-test-id="opn-ideas-btn" type="button" class="ant-btn css-o19j5k ant-btn-default ant-btn-lg w-10 rounded-xl p-0 bg-white bg-opacity-10 text-primary-6 bg-primary-1 hover:ring-primary-6 border-none transition-all hover:ring-1">...</button>
  (Session info: chrome=119.0.6045.160)
Build info: version: '4.11.0', revision: '040bc5406b'
System info: os.name: 'Windows 11', os.arch: 'amd64', os.version: '10.0', java.version: '21.0.1'
Driver info: org.openqa.selenium.chrome.ChromeDriver
Command: [d57d703612ac410f1f51cdda1ad5f158, clickElement {id=91DC259A7DB919233A961A2EA14B74C1_element_355}]
Capabilities {acceptInsecureCerts: false, browserName: chrome, browserVersion: 119.0.6045.160, chrome: {chromedriverVersion: 119.0.6045.105 (38c72552c5e..., userDataDir: C:\Users\prasa\AppData\Loca...}, fedcm:accounts: true, goog:chromeOptions: {debuggerAddress: localhost:61106}, networkConnectionEnabled: false, pageLoadStrategy: normal, platformName: windows, proxy: Proxy(), se:cdp: ws://localhost:61106/devtoo..., se:cdpVersion: 119.0.6045.160, setWindowRect: true, strictFileInteractability: false, timeouts: {implicit: 0, pageLoad: 300000, script: 30000}, unhandledPromptBehavior: dismiss and notify, webauthn:extension:credBlob: true, webauthn:extension:largeBlob: true, webauthn:extension:minPinLength: true, webauthn:extension:prf: true, webauthn:virtualAuthenticators: true}
Element: [[ChromeDriver: chrome on windows (d57d703612ac410f1f51cdda1ad5f158)] -> xpath: //button[@data-test-id="opn-chat-btn"]]
Session ID: d57d703612ac410f1f51cdda1ad5f158
at java.base/jdk.internal.reflect.DirectConstructorHandleAccessor.newInstance(DirectConstructorHandleAccessor.java:62)
at java.base/java.lang.reflect.Constructor.newInstanceWithCaller(Constructor.java:502)
at java.base/java.lang.reflect.Constructor.newInstance(Constructor.java:486)
at org.openqa.selenium.remote.codec.w3c.W3CHttpResponseCodec.createException(W3CHttpResponseCodec.java:200)
at org.openqa.selenium.remote.codec.w3c.W3CHttpResponseCodec.decode(W3CHttpResponseCodec.java:133)
at org.openqa.selenium.remote.codec.w3c.W3CHttpResponseCodec.decode(W3CHttpResponseCodec.java:52)
at org.openqa.selenium.remote.HttpCommandExecutor.execute(HttpCommandExecutor.java:191)
at org.openqa.selenium.remote.service.DriverCommandExecutor.invokeExecute(DriverCommandExecutor.java:196)
at org.openqa.selenium.remote.service.DriverCommandExecutor.execute(DriverCommandExecutor.java:171)
at org.openqa.selenium.remote.RemoteWebDriver.execute(RemoteWebDriver.java:518)
at org.openqa.selenium.remote.RemoteWebElement.execute(RemoteWebElement.java:224)
at org.openqa.selenium.remote.RemoteWebElement.click(RemoteWebElement.java:77)
at java.base/jdk.internal.reflect.DirectMethodHandleAccessor.invoke(DirectMethodHandleAccessor.java:103)
at java.base/java.lang.reflect.Method.invoke(Method.java:580)
at org.openqa.selenium.support.pagefactory.internal.LocatingElementHandler.invoke(LocatingElementHandler.java:51)
at jdk.proxy2/jdk.proxy2.$Proxy16.click(Unknown Source)
at psi_POM.Discuss_round.chat_click(Discuss_round.java:114)
at Test_Cases.Test_WO2Rgu_15m_audio.Send_message_Discuss2(Test_WO2Rgu_15m_audio.java:237)
at java.base/jdk.internal.reflect.DirectMethodHandleAccessor.invoke(DirectMethodHandleAccessor.java:103)
at java.base/java.lang.reflect.Method.invoke(Method.java:580)
at org.testng.internal.MethodInvocationHelper.invokeMethod(MethodInvocationHelper.java:133)
at org.testng.internal.TestInvoker.invokeMethod(TestInvoker.java:598)
at org.testng.internal.TestInvoker.invokeTestMethod(TestInvoker.java:173)
at org.testng.internal.MethodRunner.runInSequence(MethodRunner.java:46)
at org.testng.internal.TestInvoker$MethodInvocationAgent.invoke(TestInvoker.java:824)
at org.testng.internal.TestInvoker.invokeTestMethods(TestInvoker.java:146)
at org.testng.internal.TestMethodWorker.invokeTestMethods(TestMethodWorker.java:146)
at org.testng.internal.TestMethodWorker.run(TestMethodWorker.java:128)
at java.base/java.util.ArrayList.forEach(ArrayList.java:1596)
at org.testng.TestRunner.privateRun(TestRunner.java:794)
at org.testng.TestRunner.run(TestRunner.java:596)
at org.testng.SuiteRunner.runTest(SuiteRunner.java:377)
at org.testng.SuiteRunner.runSequentially(SuiteRunner.java:371)
at org.testng.SuiteRunner.privateRun(SuiteRunner.java:332)
at org.testng.SuiteRunner.run(SuiteRunner.java:276)
at org.testng.SuiteRunnerWorker.runSuite(SuiteRunnerWorker.java:53)
at org.testng.SuiteRunnerWorker.run(SuiteRunnerWorker.java:96)
at org.testng.TestNG.runSuitesSequentially(TestNG.java:1212)
at org.testng.TestNG.runSuitesLocally(TestNG.java:1134)
at org.testng.TestNG.runSuites(TestNG.java:1063)
at org.testng.TestNG.run(TestNG.java:1031)
at org.testng.remote.AbstractRemoteTestNG.run(AbstractRemoteTestNG.java:115)
at org.testng.remote.RemoteTestNG.initAndRun(RemoteTestNG.java:251)
at org.testng.remote.RemoteTestNG.main(RemoteTestNG.java:77)
]]>
    </error>
  </testcase> <!-- Send_message_Discuss2 -->
  <system-out/>
  <testcase classname="Test_Cases.Test_WO2Rgu_15m_audio" name="mute_Discuss2" time="6.157"/>
  <system-out/>
  <testcase classname="Test_Cases.Test_WO2Rgu_15m_audio" name="Request_admin2" time="3.109"/>
  <system-out/>
  <testcase classname="Test_Cases.Test_WO2Rgu_15m_audio" name="Flag_user2" time="0.474"/>
  <system-out/>
  <testcase classname="Test_Cases.Test_WO2Rgu_15m_audio" name="Start_vote_click2" time="115.856"/>
  <system-out/>
  <testcase classname="Test_Cases.Test_WO2Rgu_15m_audio" name="vote_plus_click2" time="0.075"/>
  <system-out/>
  <testcase classname="Test_Cases.Test_WO2Rgu_15m_audio" name="vote_dec_click2" time="1.122"/>
  <system-out/>
  <testcase classname="Test_Cases.Test_WO2Rgu_15m_audio" name="Vote_completed2" time="58.583"/>
  <system-out/>
  <testcase classname="Test_Cases.Test_WO2Rgu_15m_audio" name="Final_summary_header" time="28.628"/>
  <system-out/>
</testsuite> <!-- Test_Cases.Test_WO2Rgu_15m_audio -->
